<?xml version="1.0" encoding="UTF-8"?>
<!-- Generated by org.testng.reporters.JUnitXMLReporter -->
<testsuite ignored="6" hostname="DESKTOP-FGUCRA2" failures="0" tests="4" name="Test" time="52.887" errors="0" timestamp="2023-02-04T18:54:44 IST">
  <testcase classname="com.ds.testLayer.BuyFunctionalityTest" name="BuynewStock" time="12.044"/>
  <testcase classname="com.ds.testLayer.LogOutFunctionality" name="ClickOnLogoff" time="4.293"/>
  <testcase classname="com.ds.testLayer.SignInPageTest" name="loginwithcorrectID" time="3.024"/>
  <testcase classname="com.ds.testLayer.TransactionTestPage" name="getDatafromTransactionPage" time="6.211"/>
  <testcase classname="com.ds.testBase.TestBase" name="@BeforeTest start" time="0.0">
    <ignored/>
  </testcase> <!-- @BeforeTest start -->
  <testcase classname="com.ds.testBase.TestBase" name="@BeforeTest start" time="0.0">
    <ignored/>
  </testcase> <!-- @BeforeTest start -->
  <testcase classname="com.ds.testBase.TestBase" name="@BeforeTest start" time="0.0">
    <ignored/>
  </testcase> <!-- @BeforeTest start -->
  <testcase classname="com.ds.testBase.TestBase" name="@AfterTest end" time="0.0">
    <ignored/>
  </testcase> <!-- @AfterTest end -->
  <testcase classname="com.ds.testBase.TestBase" name="@AfterTest end" time="0.0">
    <ignored/>
  </testcase> <!-- @AfterTest end -->
  <testcase classname="com.ds.testBase.TestBase" name="@AfterTest end" time="0.0">
    <ignored/>
  </testcase> <!-- @AfterTest end -->
</testsuite> <!-- Test -->
