<?xml version="1.0" encoding="UTF-8"?>
<testng-results ignored="6" total="10" passed="4" failed="0" skipped="0">
  <reporter-output>
  </reporter-output>
  <suite started-at="2023-02-04T18:53:51 IST" name="Suite" finished-at="2023-02-04T18:54:44 IST" duration-ms="52887">
    <groups>
    </groups>
    <test started-at="2023-02-04T18:53:51 IST" name="Test" finished-at="2023-02-04T18:54:44 IST" duration-ms="52887">
      <class name="com.ds.testLayer.BuyFunctionalityTest">
        <test-method is-config="true" signature="start()[pri:0, instance:com.ds.testLayer.BuyFunctionalityTest@223d2c72]" started-at="2023-02-04T18:53:51 IST" name="start" finished-at="2023-02-04T18:53:52 IST" duration-ms="176" status="PASS">
          <reporter-output>
          </reporter-output>
        </test-method> <!-- start -->
        <test-method is-config="true" signature="setup(java.lang.String)[pri:0, instance:com.ds.testLayer.BuyFunctionalityTest@223d2c72]" started-at="2023-02-04T18:53:52 IST" name="setup" finished-at="2023-02-04T18:54:08 IST" duration-ms="16281" status="PASS">
          <params>
            <param index="0">
              <value>
                <![CDATA[chrome]]>
              </value>
            </param>
          </params>
          <reporter-output>
          </reporter-output>
        </test-method> <!-- setup -->
        <test-method signature="BuynewStock()[pri:0, instance:com.ds.testLayer.BuyFunctionalityTest@223d2c72]" started-at="2023-02-04T18:54:08 IST" name="BuynewStock" finished-at="2023-02-04T18:54:20 IST" duration-ms="12044" status="PASS">
          <reporter-output>
          </reporter-output>
        </test-method> <!-- BuynewStock -->
        <test-method is-config="true" signature="tearDown()[pri:0, instance:com.ds.testLayer.BuyFunctionalityTest@223d2c72]" started-at="2023-02-04T18:54:20 IST" name="tearDown" finished-at="2023-02-04T18:54:20 IST" duration-ms="239" status="PASS">
          <reporter-output>
          </reporter-output>
        </test-method> <!-- tearDown -->
        <test-method is-config="true" signature="end()[pri:0, instance:com.ds.testLayer.BuyFunctionalityTest@223d2c72]" started-at="2023-02-04T18:54:44 IST" name="end" finished-at="2023-02-04T18:54:44 IST" duration-ms="0" status="PASS">
          <reporter-output>
          </reporter-output>
        </test-method> <!-- end -->
      </class> <!-- com.ds.testLayer.BuyFunctionalityTest -->
      <class name="com.ds.testLayer.LogOutFunctionality">
        <test-method is-config="true" signature="setup(java.lang.String)[pri:0, instance:com.ds.testLayer.LogOutFunctionality@7f3b84b8]" started-at="2023-02-04T18:54:20 IST" name="setup" finished-at="2023-02-04T18:54:23 IST" duration-ms="3340" status="PASS">
          <params>
            <param index="0">
              <value>
                <![CDATA[chrome]]>
              </value>
            </param>
          </params>
          <reporter-output>
          </reporter-output>
        </test-method> <!-- setup -->
        <test-method signature="ClickOnLogoff()[pri:0, instance:com.ds.testLayer.LogOutFunctionality@7f3b84b8]" started-at="2023-02-04T18:54:23 IST" name="ClickOnLogoff" finished-at="2023-02-04T18:54:28 IST" duration-ms="4293" status="PASS">
          <reporter-output>
          </reporter-output>
        </test-method> <!-- ClickOnLogoff -->
        <test-method is-config="true" signature="tearDown()[pri:0, instance:com.ds.testLayer.LogOutFunctionality@7f3b84b8]" started-at="2023-02-04T18:54:28 IST" name="tearDown" finished-at="2023-02-04T18:54:28 IST" duration-ms="230" status="PASS">
          <reporter-output>
          </reporter-output>
        </test-method> <!-- tearDown -->
      </class> <!-- com.ds.testLayer.LogOutFunctionality -->
      <class name="com.ds.testLayer.TransactionTestPage">
        <test-method is-config="true" signature="setup(java.lang.String)[pri:0, instance:com.ds.testLayer.TransactionTestPage@2b662a77]" started-at="2023-02-04T18:54:34 IST" name="setup" finished-at="2023-02-04T18:54:37 IST" duration-ms="2974" status="PASS">
          <params>
            <param index="0">
              <value>
                <![CDATA[chrome]]>
              </value>
            </param>
          </params>
          <reporter-output>
          </reporter-output>
        </test-method> <!-- setup -->
        <test-method signature="getDatafromTransactionPage()[pri:0, instance:com.ds.testLayer.TransactionTestPage@2b662a77]" started-at="2023-02-04T18:54:37 IST" name="getDatafromTransactionPage" finished-at="2023-02-04T18:54:43 IST" duration-ms="6211" status="PASS">
          <reporter-output>
          </reporter-output>
        </test-method> <!-- getDatafromTransactionPage -->
        <test-method is-config="true" signature="tearDown()[pri:0, instance:com.ds.testLayer.TransactionTestPage@2b662a77]" started-at="2023-02-04T18:54:43 IST" name="tearDown" finished-at="2023-02-04T18:54:44 IST" duration-ms="1181" status="PASS">
          <reporter-output>
          </reporter-output>
        </test-method> <!-- tearDown -->
      </class> <!-- com.ds.testLayer.TransactionTestPage -->
      <class name="com.ds.testLayer.SignInPageTest">
        <test-method is-config="true" signature="setup(java.lang.String)[pri:0, instance:com.ds.testLayer.SignInPageTest@57a3af25]" started-at="2023-02-04T18:54:28 IST" name="setup" finished-at="2023-02-04T18:54:31 IST" duration-ms="2628" status="PASS">
          <params>
            <param index="0">
              <value>
                <![CDATA[chrome]]>
              </value>
            </param>
          </params>
          <reporter-output>
          </reporter-output>
        </test-method> <!-- setup -->
        <test-method signature="loginwithcorrectID()[pri:0, instance:com.ds.testLayer.SignInPageTest@57a3af25]" started-at="2023-02-04T18:54:31 IST" name="loginwithcorrectID" finished-at="2023-02-04T18:54:34 IST" duration-ms="3024" status="PASS">
          <reporter-output>
          </reporter-output>
        </test-method> <!-- loginwithcorrectID -->
        <test-method is-config="true" signature="tearDown()[pri:0, instance:com.ds.testLayer.SignInPageTest@57a3af25]" started-at="2023-02-04T18:54:34 IST" name="tearDown" finished-at="2023-02-04T18:54:34 IST" duration-ms="209" status="PASS">
          <reporter-output>
          </reporter-output>
        </test-method> <!-- tearDown -->
      </class> <!-- com.ds.testLayer.SignInPageTest -->
    </test> <!-- Test -->
  </suite> <!-- Suite -->
</testng-results>
